# JRE version: OpenJDK Runtime Environment (20.0+36) (build 20+36-2344)
# Java VM: OpenJDK 64-Bit Server VM (20+36-2344, mixed mode, sharing, tiered, compressed oops, compressed class ptrs, g1 gc, windows-amd64)
GC Precious Log:
 CardTable entry size: 512
 Card Set container configuration: InlinePtr #cards 4 size 8 Array Of Cards #cards 16 size 48 Howl #buckets 8 coarsen threshold 3686 Howl Bitmap #cards 512 size 80 coarsen threshold 460 Card regions per heap region 1 cards per card region 4096
 CPUs: 8 total, 8 available
 Memory: 8007M
 Large Page Support: Disabled
 NUMA Support: Disabled
 Compressed Oops: Enabled (Zero based)
 Heap Region Size: 2M
 Heap Min Capacity: 8M
 Heap Initial Capacity: 126M
 Heap Max Capacity: 4G
 Pre-touch: Disabled
 Parallel Workers: 8
 Concurrent Workers: 2
 Concurrent Refinement Workers: 8
 Periodic GC: Disabled
Heap:
 garbage-first heap   total 65536K, used 41838K [0x0000000700000000, 0x0000000800000000)
  region size 2048K, 6 young (12288K), 1 survivors (2048K)
 Metaspace       used 76608K, committed 77504K, reserved 1179648K
  class space    used 9865K, committed 10304K, reserved 1048576K
GC Heap History (20 events):
Event: 782.185 GC heap before
{Heap before GC invocations=19 (full 0):
 garbage-first heap   total 65536K, used 55621K [0x0000000700000000, 0x0000000800000000)
  region size 2048K, 11 young (22528K), 1 survivors (2048K)
 Metaspace       used 74792K, committed 75776K, reserved 1179648K
  class space    used 9835K, committed 10304K, reserved 1048576K
}
Event: 782.207 GC heap after
{Heap after GC invocations=20 (full 0):
 garbage-first heap   total 65536K, used 34610K [0x0000000700000000, 0x0000000800000000)
  region size 2048K, 1 young (2048K), 1 survivors (2048K)
 Metaspace       used 74792K, committed 75776K, reserved 1179648K
  class space    used 9835K, committed 10304K, reserved 1048576K
}
Event: 785.147 GC heap before
{Heap before GC invocations=20 (full 0):
 garbage-first heap   total 65536K, used 55090K [0x0000000700000000, 0x0000000800000000)
  region size 2048K, 11 young (22528K), 1 survivors (2048K)
 Metaspace       used 75830K, committed 76800K, reserved 1179648K
  class space    used 9866K, committed 10304K, reserved 1048576K
}
Event: 785.154 GC heap after
{Heap after GC invocations=21 (full 0):
 garbage-first heap   total 65536K, used 34747K [0x0000000700000000, 0x0000000800000000)
  region size 2048K, 1 young (2048K), 1 survivors (2048K)
 Metaspace       used 75830K, committed 76800K, reserved 1179648K
  class space    used 9866K, committed 10304K, reserved 1048576K
}
Event: 791.417 GC heap before
{Heap before GC invocations=22 (full 0):
 garbage-first heap   total 65536K, used 55227K [0x0000000700000000, 0x0000000800000000)
  region size 2048K, 11 young (22528K), 1 survivors (2048K)
 Metaspace       used 76269K, committed 77184K, reserved 1179648K
  class space    used 9862K, committed 10304K, reserved 1048576K
}
Event: 791.421 GC heap after
{Heap after GC invocations=23 (full 0):
 garbage-first heap   total 65536K, used 34728K [0x0000000700000000, 0x0000000800000000)
  region size 2048K, 1 young (2048K), 1 survivors (2048K)
 Metaspace       used 76269K, committed 77184K, reserved 1179648K
  class space    used 9862K, committed 10304K, reserved 1048576K
}
Event: 797.815 GC heap before
{Heap before GC invocations=23 (full 0):
 garbage-first heap   total 65536K, used 55208K [0x0000000700000000, 0x0000000800000000)
  region size 2048K, 11 young (22528K), 1 survivors (2048K)
 Metaspace       used 76556K, committed 77440K, reserved 1179648K
  class space    used 9864K, committed 10304K, reserved 1048576K
}
Event: 797.822 GC heap after
{Heap after GC invocations=24 (full 0):
 garbage-first heap   total 65536K, used 34304K [0x0000000700000000, 0x0000000800000000)
  region size 2048K, 1 young (2048K), 1 survivors (2048K)
 Metaspace       used 76556K, committed 77440K, reserved 1179648K
  class space    used 9864K, committed 10304K, reserved 1048576K
}
Event: 805.256 GC heap before
{Heap before GC invocations=24 (full 0):
 garbage-first heap   total 65536K, used 54784K [0x0000000700000000, 0x0000000800000000)
  region size 2048K, 11 young (22528K), 1 survivors (2048K)
 Metaspace       used 76579K, committed 77440K, reserved 1179648K
  class space    used 9864K, committed 10304K, reserved 1048576K
}
Event: 805.262 GC heap after
{Heap after GC invocations=25 (full 0):
 garbage-first heap   total 65536K, used 34314K [0x0000000700000000, 0x0000000800000000)
  region size 2048K, 1 young (2048K), 1 survivors (2048K)
 Metaspace       used 76579K, committed 77440K, reserved 1179648K
  class space    used 9864K, committed 10304K, reserved 1048576K
}
Event: 812.629 GC heap before
{Heap before GC invocations=26 (full 0):
 garbage-first heap   total 65536K, used 54794K [0x0000000700000000, 0x0000000800000000)
  region size 2048K, 11 young (22528K), 1 survivors (2048K)
 Metaspace       used 76597K, committed 77504K, reserved 1179648K
  class space    used 9865K, committed 10304K, reserved 1048576K
}
Event: 812.633 GC heap after
{Heap after GC invocations=27 (full 0):
 garbage-first heap   total 65536K, used 34301K [0x0000000700000000, 0x0000000800000000)
  region size 2048K, 1 young (2048K), 1 survivors (2048K)
 Metaspace       used 76597K, committed 77504K, reserved 1179648K
  class space    used 9865K, committed 10304K, reserved 1048576K
}
Event: 819.956 GC heap before
{Heap before GC invocations=27 (full 0):
 garbage-first heap   total 65536K, used 54781K [0x0000000700000000, 0x0000000800000000)
  region size 2048K, 11 young (22528K), 1 survivors (2048K)
 Metaspace       used 76599K, committed 77504K, reserved 1179648K
  class space    used 9865K, committed 10304K, reserved 1048576K
}
Event: 819.964 GC heap after
{Heap after GC invocations=28 (full 0):
 garbage-first heap   total 65536K, used 33908K [0x0000000700000000, 0x0000000800000000)
  region size 2048K, 1 young (2048K), 1 survivors (2048K)
 Metaspace       used 76599K, committed 77504K, reserved 1179648K
  class space    used 9865K, committed 10304K, reserved 1048576K
}
Event: 825.433 GC heap before
{Heap before GC invocations=28 (full 0):
 garbage-first heap   total 65536K, used 54388K [0x0000000700000000, 0x0000000800000000)
  region size 2048K, 11 young (22528K), 1 survivors (2048K)
 Metaspace       used 76601K, committed 77504K, reserved 1179648K
  class space    used 9865K, committed 10304K, reserved 1048576K
}
Event: 825.438 GC heap after
{Heap after GC invocations=29 (full 0):
 garbage-first heap   total 65536K, used 33912K [0x0000000700000000, 0x0000000800000000)
  region size 2048K, 1 young (2048K), 1 survivors (2048K)
 Metaspace       used 76601K, committed 77504K, reserved 1179648K
  class space    used 9865K, committed 10304K, reserved 1048576K
}
Event: 835.269 GC heap before
{Heap before GC invocations=30 (full 0):
 garbage-first heap   total 65536K, used 54392K [0x0000000700000000, 0x0000000800000000)
  region size 2048K, 11 young (22528K), 1 survivors (2048K)
 Metaspace       used 76608K, committed 77504K, reserved 1179648K
  class space    used 9865K, committed 10304K, reserved 1048576K
}
Event: 835.274 GC heap after
{Heap after GC invocations=31 (full 0):
 garbage-first heap   total 65536K, used 33928K [0x0000000700000000, 0x0000000800000000)
  region size 2048K, 1 young (2048K), 1 survivors (2048K)
 Metaspace       used 76608K, committed 77504K, reserved 1179648K
  class space    used 9865K, committed 10304K, reserved 1048576K
}
Event: 841.261 GC heap before
{Heap before GC invocations=31 (full 0):
 garbage-first heap   total 65536K, used 54408K [0x0000000700000000, 0x0000000800000000)
  region size 2048K, 11 young (22528K), 1 survivors (2048K)
 Metaspace       used 76608K, committed 77504K, reserved 1179648K
  class space    used 9865K, committed 10304K, reserved 1048576K
}
Event: 841.270 GC heap after
{Heap after GC invocations=32 (full 0):
 garbage-first heap   total 65536K, used 33646K [0x0000000700000000, 0x0000000800000000)
  region size 2048K, 1 young (2048K), 1 survivors (2048K)
 Metaspace       used 76608K, committed 77504K, reserved 1179648K
  class space    used 9865K, committed 10304K, reserved 1048576K
}

