# JRE version: OpenJDK Runtime Environment (20.0+36) (build 20+36-2344)
# Java VM: OpenJDK 64-Bit Server VM (20+36-2344, mixed mode, sharing, tiered, compressed oops, compressed class ptrs, g1 gc, windows-amd64)
GC Precious Log:
 CardTable entry size: 512
 Card Set container configuration: InlinePtr #cards 4 size 8 Array Of Cards #cards 16 size 48 Howl #buckets 8 coarsen threshold 3686 Howl Bitmap #cards 512 size 80 coarsen threshold 460 Card regions per heap region 1 cards per card region 4096
 CPUs: 8 total, 8 available
 Memory: 8007M
 Large Page Support: Disabled
 NUMA Support: Disabled
 Compressed Oops: Enabled (Zero based)
 Heap Region Size: 2M
 Heap Min Capacity: 8M
 Heap Initial Capacity: 126M
 Heap Max Capacity: 4G
 Pre-touch: Disabled
 Parallel Workers: 8
 Concurrent Workers: 2
 Concurrent Refinement Workers: 8
 Periodic GC: Disabled
Heap:
 garbage-first heap   total 65536K, used 41507K [0x0000000700000000, 0x0000000800000000)
  region size 2048K, 6 young (12288K), 1 survivors (2048K)
 Metaspace       used 74094K, committed 75008K, reserved 1114112K
  class space    used 9821K, committed 10240K, reserved 1048576K
GC Heap History (20 events):
Event: 12.249 GC heap before
{Heap before GC invocations=8 (full 0):
 garbage-first heap   total 65536K, used 51200K [0x0000000700000000, 0x0000000800000000)
  region size 2048K, 18 young (36864K), 2 survivors (4096K)
 Metaspace       used 45233K, committed 45760K, reserved 1114112K
  class space    used 5830K, committed 6080K, reserved 1048576K
}
Event: 12.258 GC heap after
{Heap after GC invocations=9 (full 0):
 garbage-first heap   total 65536K, used 21620K [0x0000000700000000, 0x0000000800000000)
  region size 2048K, 3 young (6144K), 3 survivors (6144K)
 Metaspace       used 45233K, committed 45760K, reserved 1114112K
  class space    used 5830K, committed 6080K, reserved 1048576K
}
Event: 13.862 GC heap before
{Heap before GC invocations=9 (full 0):
 garbage-first heap   total 65536K, used 50292K [0x0000000700000000, 0x0000000800000000)
  region size 2048K, 18 young (36864K), 3 survivors (6144K)
 Metaspace       used 53573K, committed 54144K, reserved 1114112K
  class space    used 7145K, committed 7424K, reserved 1048576K
}
Event: 13.872 GC heap after
{Heap after GC invocations=10 (full 0):
 garbage-first heap   total 65536K, used 23518K [0x0000000700000000, 0x0000000800000000)
  region size 2048K, 1 young (2048K), 1 survivors (2048K)
 Metaspace       used 53573K, committed 54144K, reserved 1114112K
  class space    used 7145K, committed 7424K, reserved 1048576K
}
Event: 14.913 GC heap before
{Heap before GC invocations=10 (full 0):
 garbage-first heap   total 65536K, used 54238K [0x0000000700000000, 0x0000000800000000)
  region size 2048K, 16 young (32768K), 1 survivors (2048K)
 Metaspace       used 58995K, committed 59584K, reserved 1114112K
  class space    used 7924K, committed 8192K, reserved 1048576K
}
Event: 14.919 GC heap after
{Heap after GC invocations=11 (full 0):
 garbage-first heap   total 65536K, used 26162K [0x0000000700000000, 0x0000000800000000)
  region size 2048K, 2 young (4096K), 2 survivors (4096K)
 Metaspace       used 58995K, committed 59584K, reserved 1114112K
  class space    used 7924K, committed 8192K, reserved 1048576K
}
Event: 15.053 GC heap before
{Heap before GC invocations=11 (full 0):
 garbage-first heap   total 65536K, used 28210K [0x0000000700000000, 0x0000000800000000)
  region size 2048K, 4 young (8192K), 2 survivors (4096K)
 Metaspace       used 59967K, committed 60480K, reserved 1114112K
  class space    used 8089K, committed 8320K, reserved 1048576K
}
Event: 15.059 GC heap after
{Heap after GC invocations=12 (full 0):
 garbage-first heap   total 65536K, used 26563K [0x0000000700000000, 0x0000000800000000)
  region size 2048K, 1 young (2048K), 1 survivors (2048K)
 Metaspace       used 59967K, committed 60480K, reserved 1114112K
  class space    used 8089K, committed 8320K, reserved 1048576K
}
Event: 15.930 GC heap before
{Heap before GC invocations=13 (full 0):
 garbage-first heap   total 65536K, used 55235K [0x0000000700000000, 0x0000000800000000)
  region size 2048K, 15 young (30720K), 1 survivors (2048K)
 Metaspace       used 62137K, committed 62784K, reserved 1114112K
  class space    used 8418K, committed 8704K, reserved 1048576K
}
Event: 15.934 GC heap after
{Heap after GC invocations=14 (full 0):
 garbage-first heap   total 65536K, used 28033K [0x0000000700000000, 0x0000000800000000)
  region size 2048K, 1 young (2048K), 1 survivors (2048K)
 Metaspace       used 62137K, committed 62784K, reserved 1114112K
  class space    used 8418K, committed 8704K, reserved 1048576K
}
Event: 17.196 GC heap before
{Heap before GC invocations=14 (full 0):
 garbage-first heap   total 65536K, used 56705K [0x0000000700000000, 0x0000000800000000)
  region size 2048K, 15 young (30720K), 1 survivors (2048K)
 Metaspace       used 66831K, committed 67520K, reserved 1114112K
  class space    used 9051K, committed 9344K, reserved 1048576K
}
Event: 17.208 GC heap after
{Heap after GC invocations=15 (full 0):
 garbage-first heap   total 65536K, used 29895K [0x0000000700000000, 0x0000000800000000)
  region size 2048K, 2 young (4096K), 2 survivors (4096K)
 Metaspace       used 66831K, committed 67520K, reserved 1114112K
  class space    used 9051K, committed 9344K, reserved 1048576K
}
Event: 26.249 GC heap before
{Heap before GC invocations=15 (full 0):
 garbage-first heap   total 65536K, used 52423K [0x0000000700000000, 0x0000000800000000)
  region size 2048K, 14 young (28672K), 2 survivors (4096K)
 Metaspace       used 70663K, committed 71552K, reserved 1114112K
  class space    used 9365K, committed 9792K, reserved 1048576K
}
Event: 26.258 GC heap after
{Heap after GC invocations=16 (full 0):
 garbage-first heap   total 65536K, used 31046K [0x0000000700000000, 0x0000000800000000)
  region size 2048K, 1 young (2048K), 1 survivors (2048K)
 Metaspace       used 70663K, committed 71552K, reserved 1114112K
  class space    used 9365K, committed 9792K, reserved 1048576K
}
Event: 117.253 GC heap before
{Heap before GC invocations=16 (full 0):
 garbage-first heap   total 65536K, used 55622K [0x0000000700000000, 0x0000000800000000)
  region size 2048K, 13 young (26624K), 1 survivors (2048K)
 Metaspace       used 73737K, committed 74688K, reserved 1114112K
  class space    used 9803K, committed 10240K, reserved 1048576K
}
Event: 117.259 GC heap after
{Heap after GC invocations=17 (full 0):
 garbage-first heap   total 65536K, used 33500K [0x0000000700000000, 0x0000000800000000)
  region size 2048K, 2 young (4096K), 2 survivors (4096K)
 Metaspace       used 73737K, committed 74688K, reserved 1114112K
  class space    used 9803K, committed 10240K, reserved 1048576K
}
Event: 625.508 GC heap before
{Heap before GC invocations=18 (full 0):
 garbage-first heap   total 65536K, used 53980K [0x0000000700000000, 0x0000000800000000)
  region size 2048K, 12 young (24576K), 2 survivors (4096K)
 Metaspace       used 73883K, committed 74816K, reserved 1114112K
  class space    used 9803K, committed 10240K, reserved 1048576K
}
Event: 625.536 GC heap after
{Heap after GC invocations=19 (full 0):
 garbage-first heap   total 65536K, used 33922K [0x0000000700000000, 0x0000000800000000)
  region size 2048K, 1 young (2048K), 1 survivors (2048K)
 Metaspace       used 73883K, committed 74816K, reserved 1114112K
  class space    used 9803K, committed 10240K, reserved 1048576K
}
Event: 1244.052 GC heap before
{Heap before GC invocations=19 (full 0):
 garbage-first heap   total 65536K, used 54402K [0x0000000700000000, 0x0000000800000000)
  region size 2048K, 11 young (22528K), 1 survivors (2048K)
 Metaspace       used 74068K, committed 74944K, reserved 1114112K
  class space    used 9821K, committed 10240K, reserved 1048576K
}
Event: 1244.132 GC heap after
{Heap after GC invocations=20 (full 0):
 garbage-first heap   total 65536K, used 33315K [0x0000000700000000, 0x0000000800000000)
  region size 2048K, 1 young (2048K), 1 survivors (2048K)
 Metaspace       used 74068K, committed 74944K, reserved 1114112K
  class space    used 9821K, committed 10240K, reserved 1048576K
}

